<?xml version="1.0" encoding="UTF-8"?>
<!-- Generated by org.testng.reporters.JUnitReportReporter -->
<testsuite hostname="DESKTOP-0L9DERS" failures="0" tests="1" name="testRunnerAllure_jvm_crossBrowser3.TestRunnerAllure_jvm_crossBrowser3" time="19.419" errors="0" timestamp="2025-04-23T22:57:47 EDT" skipped="0">
  <testcase classname="testRunnerAllure_jvm_crossBrowser3.TestRunnerAllure_jvm_crossBrowser3" name="runScenario" time="19.419"/>
</testsuite> <!-- testRunnerAllure_jvm_crossBrowser3.TestRunnerAllure_jvm_crossBrowser3 -->
